2025-02-08 13:56:22,495 [Worker-5: Loading available Gradle versions] INFO  o.e.b.c.i.u.g.PublishedGradleVersions - Gradle version information cache is not available. Remote download required.
2025-02-08 14:00:36,260 [Worker-3: Import Getting Started Content] INFO  o.e.m.c.i.l.LifecycleMappingFactory - Using org.eclipse.m2e.jdt.JarLifecycleMapping lifecycle mapping for MavenProject: com.Project:SecureLogin:0.0.1-SNAPSHOT @ D:\Secure Login\BackEnd(Spring)\SecureLogin\pom.xml.
2025-02-08 14:00:39,844 [Worker-3: Import Getting Started Content] INFO  o.e.m.j.i.AbstractJavaProjectConfigurator - Adding source folder /SecureLogin/src/main/java
2025-02-08 14:00:39,845 [Worker-3: Import Getting Started Content] INFO  o.e.m.j.i.AbstractJavaProjectConfigurator - Adding resource folder /SecureLogin/src/main/resources
2025-02-08 14:00:39,852 [Worker-3: Import Getting Started Content] INFO  o.e.m.j.i.AbstractJavaProjectConfigurator - Adding resource folder /SecureLogin/src/main/resources
2025-02-08 14:00:39,859 [Worker-3: Import Getting Started Content] INFO  o.e.m.j.i.AbstractJavaProjectConfigurator - Adding source folder /SecureLogin/src/test/java
2025-02-08 14:00:39,860 [Worker-3: Import Getting Started Content] INFO  o.e.m.j.i.AbstractJavaProjectConfigurator - Adding resource folder /SecureLogin/src/test/resources
2025-02-08 14:00:40,440 [Worker-3: Import Getting Started Content] INFO  o.e.m.c.i.p.ProjectConfigurationManager - Imported and configured 1 project(s) in 7 sec
2025-02-08 14:00:40,443 [Worker-3: Import Getting Started Content] INFO  o.e.m.c.i.p.ProjectConfigurationManager - Update started
2025-02-08 14:00:40,746 [Worker-3: Import Getting Started Content] INFO  o.e.m.c.i.l.LifecycleMappingFactory - Using org.eclipse.m2e.jdt.JarLifecycleMapping lifecycle mapping for MavenProject: com.Project:SecureLogin:0.0.1-SNAPSHOT @ D:\Secure Login\BackEnd(Spring)\SecureLogin\pom.xml.
2025-02-08 14:00:41,200 [Worker-3: Import Getting Started Content] INFO  o.e.m.j.i.AbstractJavaProjectConfigurator - Adding source folder /SecureLogin/src/main/java
2025-02-08 14:00:41,201 [Worker-3: Import Getting Started Content] INFO  o.e.m.j.i.AbstractJavaProjectConfigurator - Adding resource folder /SecureLogin/src/main/resources
2025-02-08 14:00:41,201 [Worker-3: Import Getting Started Content] INFO  o.e.m.j.i.AbstractJavaProjectConfigurator - Adding resource folder /SecureLogin/src/main/resources
2025-02-08 14:00:41,201 [Worker-3: Import Getting Started Content] INFO  o.e.m.j.i.AbstractJavaProjectConfigurator - Adding source folder /SecureLogin/src/test/java
2025-02-08 14:00:41,202 [Worker-3: Import Getting Started Content] INFO  o.e.m.j.i.AbstractJavaProjectConfigurator - Adding resource folder /SecureLogin/src/test/resources
2025-02-08 14:00:41,610 [Worker-3: Import Getting Started Content] INFO  o.e.m.c.i.p.ProjectConfigurationManager - Update completed for 1 poms: local refresh takes 0.00 sec, refresh facades takes 0.00 sec, update config takes 0.00 sec 
2025-02-08 14:00:42,194 [Worker-0: Building] INFO  o.a.m.s.f.DefaultMavenResourcesFiltering - Copying 1 resource from src\main\resources to target\classes
2025-02-08 14:00:42,211 [Worker-0: Building] INFO  o.a.m.s.f.DefaultMavenResourcesFiltering - Copying 0 resource from src\main\resources to target\classes
2025-02-08 14:00:42,225 [Worker-0: Building] INFO  o.a.m.s.f.DefaultMavenResourcesFiltering - skip non existing resourceDirectory D:\Secure Login\BackEnd(Spring)\SecureLogin\src\test\resources
2025-02-08 14:02:19,672 [Worker-3: Building] INFO  o.e.m.c.i.l.LifecycleMappingFactory - Using org.eclipse.m2e.jdt.JarLifecycleMapping lifecycle mapping for MavenProject: com.Project.security:SpringSecurity:0.0.1-SNAPSHOT @ D:\Spring Security\SpringSecurity\pom.xml.
2025-02-08 14:02:20,606 [Worker-3: Building] INFO  o.a.m.s.f.DefaultMavenResourcesFiltering - Copying 1 resource from src\main\resources to target\classes
2025-02-08 14:02:20,623 [Worker-3: Building] INFO  o.a.m.s.f.DefaultMavenResourcesFiltering - Copying 0 resource from src\main\resources to target\classes
2025-02-08 14:02:20,628 [Worker-3: Building] INFO  o.a.m.s.f.DefaultMavenResourcesFiltering - skip non existing resourceDirectory D:\Spring Security\SpringSecurity\src\test\resources
2025-02-08 14:02:21,770 [Worker-3: Updating Maven Dependencies] INFO  o.e.m.c.i.l.LifecycleMappingFactory - Using org.eclipse.m2e.jdt.JarLifecycleMapping lifecycle mapping for MavenProject: com.Project.security:SpringSecurity:0.0.1-SNAPSHOT @ D:\Spring Security\SpringSecurity\pom.xml.
2025-02-08 14:02:22,531 [Worker-14: Building] INFO  o.a.m.s.f.DefaultMavenResourcesFiltering - Copying 1 resource from src\main\resources to target\classes
2025-02-08 14:02:22,543 [Worker-14: Building] INFO  o.a.m.s.f.DefaultMavenResourcesFiltering - Copying 0 resource from src\main\resources to target\classes
2025-02-08 14:02:22,547 [Worker-14: Building] INFO  o.a.m.s.f.DefaultMavenResourcesFiltering - skip non existing resourceDirectory D:\Spring Security\SpringSecurity\src\test\resources
2025-02-08 14:02:51,408 [Worker-3: Building] INFO  o.a.m.s.f.DefaultMavenResourcesFiltering - Copying 1 resource from src\main\resources to target\classes
2025-02-08 14:02:51,413 [Worker-3: Building] INFO  o.a.m.s.f.DefaultMavenResourcesFiltering - Copying 0 resource from src\main\resources to target\classes
2025-02-08 14:02:51,417 [Worker-3: Building] INFO  o.a.m.s.f.DefaultMavenResourcesFiltering - skip non existing resourceDirectory D:\Secure Login\BackEnd(Spring)\SecureLogin\src\test\resources
2025-02-08 14:03:03,178 [Worker-0: Building] INFO  o.a.m.s.f.DefaultMavenResourcesFiltering - Copying 1 resource from src\main\resources to target\classes
2025-02-08 14:03:03,181 [Worker-0: Building] INFO  o.a.m.s.f.DefaultMavenResourcesFiltering - Copying 0 resource from src\main\resources to target\classes
2025-02-08 14:03:03,183 [Worker-0: Building] INFO  o.a.m.s.f.DefaultMavenResourcesFiltering - skip non existing resourceDirectory D:\Secure Login\BackEnd(Spring)\SecureLogin\src\test\resources
2025-02-08 14:03:14,355 [Worker-3: Building] INFO  o.a.m.s.f.DefaultMavenResourcesFiltering - Copying 1 resource from src\main\resources to target\classes
2025-02-08 14:03:14,358 [Worker-3: Building] INFO  o.a.m.s.f.DefaultMavenResourcesFiltering - Copying 0 resource from src\main\resources to target\classes
2025-02-08 14:03:14,360 [Worker-3: Building] INFO  o.a.m.s.f.DefaultMavenResourcesFiltering - skip non existing resourceDirectory D:\Secure Login\BackEnd(Spring)\SecureLogin\src\test\resources
2025-02-08 14:03:21,184 [Worker-14: Building] INFO  o.a.m.s.f.DefaultMavenResourcesFiltering - Copying 1 resource from src\main\resources to target\classes
2025-02-08 14:03:21,188 [Worker-14: Building] INFO  o.a.m.s.f.DefaultMavenResourcesFiltering - Copying 0 resource from src\main\resources to target\classes
2025-02-08 14:03:21,189 [Worker-14: Building] INFO  o.a.m.s.f.DefaultMavenResourcesFiltering - skip non existing resourceDirectory D:\Secure Login\BackEnd(Spring)\SecureLogin\src\test\resources
2025-02-08 14:03:44,096 [Worker-14: Building] INFO  o.a.m.s.f.DefaultMavenResourcesFiltering - Copying 1 resource from src\main\resources to target\classes
2025-02-08 14:03:44,099 [Worker-14: Building] INFO  o.a.m.s.f.DefaultMavenResourcesFiltering - Copying 0 resource from src\main\resources to target\classes
2025-02-08 14:03:44,101 [Worker-14: Building] INFO  o.a.m.s.f.DefaultMavenResourcesFiltering - skip non existing resourceDirectory D:\Secure Login\BackEnd(Spring)\SecureLogin\src\test\resources
2025-02-08 14:04:14,468 [Worker-7: Building] INFO  o.a.m.s.f.DefaultMavenResourcesFiltering - Copying 1 resource from src\main\resources to target\classes
2025-02-08 14:04:14,472 [Worker-7: Building] INFO  o.a.m.s.f.DefaultMavenResourcesFiltering - Copying 0 resource from src\main\resources to target\classes
2025-02-08 14:04:14,475 [Worker-7: Building] INFO  o.a.m.s.f.DefaultMavenResourcesFiltering - skip non existing resourceDirectory D:\Secure Login\BackEnd(Spring)\SecureLogin\src\test\resources
2025-02-08 14:04:23,711 [Worker-7: Building] INFO  o.a.m.s.f.DefaultMavenResourcesFiltering - Copying 1 resource from src\main\resources to target\classes
2025-02-08 14:04:23,722 [Worker-7: Building] INFO  o.a.m.s.f.DefaultMavenResourcesFiltering - Copying 0 resource from src\main\resources to target\classes
2025-02-08 14:04:23,724 [Worker-7: Building] INFO  o.a.m.s.f.DefaultMavenResourcesFiltering - skip non existing resourceDirectory D:\Secure Login\BackEnd(Spring)\SecureLogin\src\test\resources
2025-02-08 14:05:23,466 [Worker-2: Building] INFO  o.a.m.s.f.DefaultMavenResourcesFiltering - Copying 1 resource from src\main\resources to target\classes
2025-02-08 14:05:23,469 [Worker-2: Building] INFO  o.a.m.s.f.DefaultMavenResourcesFiltering - Copying 0 resource from src\main\resources to target\classes
2025-02-08 14:05:23,471 [Worker-2: Building] INFO  o.a.m.s.f.DefaultMavenResourcesFiltering - skip non existing resourceDirectory D:\Secure Login\BackEnd(Spring)\SecureLogin\src\test\resources
2025-02-08 14:05:45,525 [Worker-15: Building] INFO  o.a.m.s.f.DefaultMavenResourcesFiltering - Copying 1 resource from src\main\resources to target\classes
2025-02-08 14:05:45,529 [Worker-15: Building] INFO  o.a.m.s.f.DefaultMavenResourcesFiltering - Copying 0 resource from src\main\resources to target\classes
2025-02-08 14:05:45,532 [Worker-15: Building] INFO  o.a.m.s.f.DefaultMavenResourcesFiltering - skip non existing resourceDirectory D:\Secure Login\BackEnd(Spring)\SecureLogin\src\test\resources
2025-02-08 14:06:32,448 [Worker-0: Building] INFO  o.a.m.s.f.DefaultMavenResourcesFiltering - Copying 1 resource from src\main\resources to target\classes
2025-02-08 14:06:32,451 [Worker-0: Building] INFO  o.a.m.s.f.DefaultMavenResourcesFiltering - Copying 0 resource from src\main\resources to target\classes
2025-02-08 14:06:32,454 [Worker-0: Building] INFO  o.a.m.s.f.DefaultMavenResourcesFiltering - skip non existing resourceDirectory D:\Secure Login\BackEnd(Spring)\SecureLogin\src\test\resources
2025-02-08 14:06:46,917 [Worker-14: Building] INFO  o.e.m.c.i.l.LifecycleMappingFactory - Using org.eclipse.m2e.jdt.JarLifecycleMapping lifecycle mapping for MavenProject: com.Project:SecureLogin:0.0.1-SNAPSHOT @ D:\Secure Login\BackEnd(Spring)\SecureLogin\pom.xml.
2025-02-08 14:06:47,231 [Worker-14: Building] INFO  o.e.m.c.i.p.WorkspaceClassifierResolverManager - Resolving P/SpringSecurity: com.Project.security:SpringSecurity:0.0.1-SNAPSHOT with classifier  to /SpringSecurity/target/classes
2025-02-08 14:06:47,473 [Worker-14: Building] INFO  o.a.m.s.f.DefaultMavenResourcesFiltering - Copying 0 resource from src\main\resources to target\classes
2025-02-08 14:06:47,473 [Worker-14: Building] INFO  o.a.m.s.f.DefaultMavenResourcesFiltering - Copying 0 resource from src\main\resources to target\classes
2025-02-08 14:06:47,476 [Worker-14: Building] INFO  o.a.m.s.f.DefaultMavenResourcesFiltering - skip non existing resourceDirectory D:\Secure Login\BackEnd(Spring)\SecureLogin\src\test\resources
2025-02-08 14:06:48,687 [Worker-3: Building] INFO  o.a.m.s.f.DefaultMavenResourcesFiltering - Copying 1 resource from src\main\resources to target\classes
2025-02-08 14:06:48,695 [Worker-3: Building] INFO  o.a.m.s.f.DefaultMavenResourcesFiltering - Copying 0 resource from src\main\resources to target\classes
2025-02-08 14:06:48,698 [Worker-3: Building] INFO  o.a.m.s.f.DefaultMavenResourcesFiltering - skip non existing resourceDirectory D:\Secure Login\BackEnd(Spring)\SecureLogin\src\test\resources
2025-02-08 14:08:40,644 [Worker-15: Building] INFO  o.a.m.s.f.DefaultMavenResourcesFiltering - Copying 1 resource from src\main\resources to target\classes
2025-02-08 14:08:40,647 [Worker-15: Building] INFO  o.a.m.s.f.DefaultMavenResourcesFiltering - Copying 0 resource from src\main\resources to target\classes
2025-02-08 14:08:40,649 [Worker-15: Building] INFO  o.a.m.s.f.DefaultMavenResourcesFiltering - skip non existing resourceDirectory D:\Secure Login\BackEnd(Spring)\SecureLogin\src\test\resources
2025-02-08 14:20:02,533 [Worker-3: Building] INFO  o.a.m.s.f.DefaultMavenResourcesFiltering - Copying 1 resource from src\main\resources to target\classes
2025-02-08 14:20:02,576 [Worker-3: Building] INFO  o.a.m.s.f.DefaultMavenResourcesFiltering - Copying 0 resource from src\main\resources to target\classes
2025-02-08 14:20:02,579 [Worker-3: Building] INFO  o.a.m.s.f.DefaultMavenResourcesFiltering - skip non existing resourceDirectory D:\Secure Login\BackEnd(Spring)\SecureLogin\src\test\resources
2025-02-08 14:20:40,097 [Worker-19: Launching SecureLogin - SecureLoginApplication] INFO  o.e.m.c.i.p.WorkspaceClassifierResolverManager - Resolving P/SpringSecurity: com.Project.security:SpringSecurity:0.0.1-SNAPSHOT with classifier null to /SpringSecurity/target/classes
2025-02-08 14:20:40,214 [Worker-19: Launching SecureLogin - SecureLoginApplication] INFO  o.e.m.c.i.p.WorkspaceClassifierResolverManager - Resolving P/SpringSecurity: com.Project.security:SpringSecurity:0.0.1-SNAPSHOT with classifier null to /SpringSecurity/target/classes
2025-02-08 14:20:40,321 [Worker-19: Launching SecureLogin - SecureLoginApplication] INFO  o.e.m.c.i.p.WorkspaceClassifierResolverManager - Resolving P/SpringSecurity: com.Project.security:SpringSecurity:0.0.1-SNAPSHOT with classifier null to /SpringSecurity/target/classes
2025-02-08 14:28:56,686 [Worker-23: Building] INFO  o.a.m.s.f.DefaultMavenResourcesFiltering - Copying 1 resource from src\main\resources to target\classes
2025-02-08 14:28:56,702 [Worker-23: Building] INFO  o.a.m.s.f.DefaultMavenResourcesFiltering - Copying 0 resource from src\main\resources to target\classes
2025-02-08 14:28:56,705 [Worker-23: Building] INFO  o.a.m.s.f.DefaultMavenResourcesFiltering - skip non existing resourceDirectory D:\Secure Login\BackEnd(Spring)\SecureLogin\src\test\resources
2025-02-08 14:28:59,077 [Worker-16: Launching SecureLogin - SecureLoginApplication] INFO  o.e.m.c.i.p.WorkspaceClassifierResolverManager - Resolving P/SpringSecurity: com.Project.security:SpringSecurity:0.0.1-SNAPSHOT with classifier null to /SpringSecurity/target/classes
2025-02-08 14:28:59,188 [Worker-16: Launching SecureLogin - SecureLoginApplication] INFO  o.e.m.c.i.p.WorkspaceClassifierResolverManager - Resolving P/SpringSecurity: com.Project.security:SpringSecurity:0.0.1-SNAPSHOT with classifier null to /SpringSecurity/target/classes
2025-02-08 14:28:59,288 [Worker-16: Launching SecureLogin - SecureLoginApplication] INFO  o.e.m.c.i.p.WorkspaceClassifierResolverManager - Resolving P/SpringSecurity: com.Project.security:SpringSecurity:0.0.1-SNAPSHOT with classifier null to /SpringSecurity/target/classes
2025-02-08 14:32:23,033 [Worker-23: Building] INFO  o.a.m.s.f.DefaultMavenResourcesFiltering - Copying 1 resource from src\main\resources to target\classes
2025-02-08 14:32:23,110 [Worker-23: Building] INFO  o.a.m.s.f.DefaultMavenResourcesFiltering - Copying 0 resource from src\main\resources to target\classes
2025-02-08 14:32:23,114 [Worker-23: Building] INFO  o.a.m.s.f.DefaultMavenResourcesFiltering - skip non existing resourceDirectory D:\Secure Login\BackEnd(Spring)\SecureLogin\src\test\resources
2025-02-08 14:32:53,720 [Worker-23: Building] INFO  o.a.m.s.f.DefaultMavenResourcesFiltering - Copying 1 resource from src\main\resources to target\classes
2025-02-08 14:32:53,744 [Worker-23: Building] INFO  o.a.m.s.f.DefaultMavenResourcesFiltering - Copying 0 resource from src\main\resources to target\classes
2025-02-08 14:32:53,746 [Worker-23: Building] INFO  o.a.m.s.f.DefaultMavenResourcesFiltering - skip non existing resourceDirectory D:\Secure Login\BackEnd(Spring)\SecureLogin\src\test\resources
2025-02-08 14:33:18,767 [Worker-16: Launching SecureLogin - SecureLoginApplication] INFO  o.e.m.c.i.p.WorkspaceClassifierResolverManager - Resolving P/SpringSecurity: com.Project.security:SpringSecurity:0.0.1-SNAPSHOT with classifier null to /SpringSecurity/target/classes
2025-02-08 14:33:18,877 [Worker-16: Launching SecureLogin - SecureLoginApplication] INFO  o.e.m.c.i.p.WorkspaceClassifierResolverManager - Resolving P/SpringSecurity: com.Project.security:SpringSecurity:0.0.1-SNAPSHOT with classifier null to /SpringSecurity/target/classes
2025-02-08 14:33:18,992 [Worker-16: Launching SecureLogin - SecureLoginApplication] INFO  o.e.m.c.i.p.WorkspaceClassifierResolverManager - Resolving P/SpringSecurity: com.Project.security:SpringSecurity:0.0.1-SNAPSHOT with classifier null to /SpringSecurity/target/classes
2025-02-08 18:48:57,590 [Worker-16: Building] INFO  o.a.m.s.f.DefaultMavenResourcesFiltering - Copying 1 resource from src\main\resources to target\classes
2025-02-08 18:48:58,040 [Worker-16: Building] INFO  o.a.m.s.f.DefaultMavenResourcesFiltering - Copying 0 resource from src\main\resources to target\classes
2025-02-08 18:48:58,064 [Worker-16: Building] INFO  o.a.m.s.f.DefaultMavenResourcesFiltering - skip non existing resourceDirectory D:\Secure Login\BackEnd(Spring)\SecureLogin\src\test\resources
2025-02-08 18:49:12,279 [Worker-16: Building] INFO  o.a.m.s.f.DefaultMavenResourcesFiltering - Copying 1 resource from src\main\resources to target\classes
2025-02-08 18:49:12,397 [Worker-16: Building] INFO  o.a.m.s.f.DefaultMavenResourcesFiltering - Copying 0 resource from src\main\resources to target\classes
2025-02-08 18:49:12,401 [Worker-16: Building] INFO  o.a.m.s.f.DefaultMavenResourcesFiltering - skip non existing resourceDirectory D:\Secure Login\BackEnd(Spring)\SecureLogin\src\test\resources
2025-02-08 18:49:58,771 [Worker-16: Building] INFO  o.a.m.s.f.DefaultMavenResourcesFiltering - Copying 1 resource from src\main\resources to target\classes
2025-02-08 18:49:58,779 [Worker-16: Building] INFO  o.a.m.s.f.DefaultMavenResourcesFiltering - Copying 0 resource from src\main\resources to target\classes
2025-02-08 18:49:58,783 [Worker-16: Building] INFO  o.a.m.s.f.DefaultMavenResourcesFiltering - skip non existing resourceDirectory D:\Secure Login\BackEnd(Spring)\SecureLogin\src\test\resources
2025-02-08 18:50:03,875 [Worker-30: Building] INFO  o.a.m.s.f.DefaultMavenResourcesFiltering - Copying 1 resource from src\main\resources to target\classes
2025-02-08 18:50:03,881 [Worker-30: Building] INFO  o.a.m.s.f.DefaultMavenResourcesFiltering - Copying 0 resource from src\main\resources to target\classes
2025-02-08 18:50:03,886 [Worker-30: Building] INFO  o.a.m.s.f.DefaultMavenResourcesFiltering - skip non existing resourceDirectory D:\Secure Login\BackEnd(Spring)\SecureLogin\src\test\resources
2025-02-08 18:50:15,880 [Worker-28: Building] INFO  o.a.m.s.f.DefaultMavenResourcesFiltering - Copying 1 resource from src\main\resources to target\classes
2025-02-08 18:50:15,908 [Worker-28: Building] INFO  o.a.m.s.f.DefaultMavenResourcesFiltering - Copying 0 resource from src\main\resources to target\classes
2025-02-08 18:50:15,911 [Worker-28: Building] INFO  o.a.m.s.f.DefaultMavenResourcesFiltering - skip non existing resourceDirectory D:\Secure Login\BackEnd(Spring)\SecureLogin\src\test\resources
2025-02-08 18:54:05,649 [Worker-29: Building] INFO  o.a.m.s.f.DefaultMavenResourcesFiltering - Copying 1 resource from src\main\resources to target\classes
2025-02-08 18:54:05,661 [Worker-29: Building] INFO  o.a.m.s.f.DefaultMavenResourcesFiltering - Copying 0 resource from src\main\resources to target\classes
2025-02-08 18:54:05,664 [Worker-29: Building] INFO  o.a.m.s.f.DefaultMavenResourcesFiltering - skip non existing resourceDirectory D:\Secure Login\BackEnd(Spring)\SecureLogin\src\test\resources
2025-02-08 18:54:53,026 [Worker-28: Building] INFO  o.a.m.s.f.DefaultMavenResourcesFiltering - Copying 1 resource from src\main\resources to target\classes
2025-02-08 18:54:53,046 [Worker-28: Building] INFO  o.a.m.s.f.DefaultMavenResourcesFiltering - Copying 0 resource from src\main\resources to target\classes
2025-02-08 18:54:53,049 [Worker-28: Building] INFO  o.a.m.s.f.DefaultMavenResourcesFiltering - skip non existing resourceDirectory D:\Secure Login\BackEnd(Spring)\SecureLogin\src\test\resources
2025-02-08 18:55:09,615 [Worker-30: Building] INFO  o.a.m.s.f.DefaultMavenResourcesFiltering - Copying 1 resource from src\main\resources to target\classes
2025-02-08 18:55:09,625 [Worker-30: Building] INFO  o.a.m.s.f.DefaultMavenResourcesFiltering - Copying 0 resource from src\main\resources to target\classes
2025-02-08 18:55:09,631 [Worker-30: Building] INFO  o.a.m.s.f.DefaultMavenResourcesFiltering - skip non existing resourceDirectory D:\Secure Login\BackEnd(Spring)\SecureLogin\src\test\resources
2025-02-08 18:55:15,922 [Worker-23: Building] INFO  o.a.m.s.f.DefaultMavenResourcesFiltering - Copying 1 resource from src\main\resources to target\classes
2025-02-08 18:55:15,929 [Worker-23: Building] INFO  o.a.m.s.f.DefaultMavenResourcesFiltering - Copying 0 resource from src\main\resources to target\classes
2025-02-08 18:55:15,933 [Worker-23: Building] INFO  o.a.m.s.f.DefaultMavenResourcesFiltering - skip non existing resourceDirectory D:\Secure Login\BackEnd(Spring)\SecureLogin\src\test\resources
2025-02-08 18:56:19,866 [Worker-23: Building] INFO  o.a.m.s.f.DefaultMavenResourcesFiltering - Copying 1 resource from src\main\resources to target\classes
2025-02-08 18:56:19,869 [Worker-23: Building] INFO  o.a.m.s.f.DefaultMavenResourcesFiltering - Copying 0 resource from src\main\resources to target\classes
2025-02-08 18:56:19,871 [Worker-23: Building] INFO  o.a.m.s.f.DefaultMavenResourcesFiltering - skip non existing resourceDirectory D:\Secure Login\BackEnd(Spring)\SecureLogin\src\test\resources
2025-02-08 18:56:28,565 [Worker-16: Building] INFO  o.a.m.s.f.DefaultMavenResourcesFiltering - Copying 1 resource from src\main\resources to target\classes
2025-02-08 18:56:28,572 [Worker-16: Building] INFO  o.a.m.s.f.DefaultMavenResourcesFiltering - Copying 0 resource from src\main\resources to target\classes
2025-02-08 18:56:28,575 [Worker-16: Building] INFO  o.a.m.s.f.DefaultMavenResourcesFiltering - skip non existing resourceDirectory D:\Secure Login\BackEnd(Spring)\SecureLogin\src\test\resources
2025-02-08 18:57:19,946 [Worker-31: Building] INFO  o.a.m.s.f.DefaultMavenResourcesFiltering - Copying 1 resource from src\main\resources to target\classes
2025-02-08 18:57:19,959 [Worker-31: Building] INFO  o.a.m.s.f.DefaultMavenResourcesFiltering - Copying 0 resource from src\main\resources to target\classes
2025-02-08 18:57:19,965 [Worker-31: Building] INFO  o.a.m.s.f.DefaultMavenResourcesFiltering - skip non existing resourceDirectory D:\Secure Login\BackEnd(Spring)\SecureLogin\src\test\resources
2025-02-08 18:57:28,966 [Worker-29: Building] INFO  o.a.m.s.f.DefaultMavenResourcesFiltering - Copying 1 resource from src\main\resources to target\classes
2025-02-08 18:57:28,972 [Worker-29: Building] INFO  o.a.m.s.f.DefaultMavenResourcesFiltering - Copying 0 resource from src\main\resources to target\classes
2025-02-08 18:57:28,975 [Worker-29: Building] INFO  o.a.m.s.f.DefaultMavenResourcesFiltering - skip non existing resourceDirectory D:\Secure Login\BackEnd(Spring)\SecureLogin\src\test\resources
2025-02-08 18:57:56,015 [Worker-16: Building] INFO  o.a.m.s.f.DefaultMavenResourcesFiltering - Copying 1 resource from src\main\resources to target\classes
2025-02-08 18:57:56,024 [Worker-16: Building] INFO  o.a.m.s.f.DefaultMavenResourcesFiltering - Copying 0 resource from src\main\resources to target\classes
2025-02-08 18:57:56,028 [Worker-16: Building] INFO  o.a.m.s.f.DefaultMavenResourcesFiltering - skip non existing resourceDirectory D:\Secure Login\BackEnd(Spring)\SecureLogin\src\test\resources
2025-02-08 18:58:01,693 [Worker-31: Building] INFO  o.a.m.s.f.DefaultMavenResourcesFiltering - Copying 1 resource from src\main\resources to target\classes
2025-02-08 18:58:01,697 [Worker-31: Building] INFO  o.a.m.s.f.DefaultMavenResourcesFiltering - Copying 0 resource from src\main\resources to target\classes
2025-02-08 18:58:01,700 [Worker-31: Building] INFO  o.a.m.s.f.DefaultMavenResourcesFiltering - skip non existing resourceDirectory D:\Secure Login\BackEnd(Spring)\SecureLogin\src\test\resources
2025-02-08 18:59:02,943 [Worker-23: Launching SecureLogin - SecureLoginApplication] INFO  o.e.m.c.i.p.WorkspaceClassifierResolverManager - Resolving P/SpringSecurity: com.Project.security:SpringSecurity:0.0.1-SNAPSHOT with classifier null to /SpringSecurity/target/classes
2025-02-08 18:59:03,094 [Worker-23: Launching SecureLogin - SecureLoginApplication] INFO  o.e.m.c.i.p.WorkspaceClassifierResolverManager - Resolving P/SpringSecurity: com.Project.security:SpringSecurity:0.0.1-SNAPSHOT with classifier null to /SpringSecurity/target/classes
2025-02-08 18:59:03,217 [Worker-23: Launching SecureLogin - SecureLoginApplication] INFO  o.e.m.c.i.p.WorkspaceClassifierResolverManager - Resolving P/SpringSecurity: com.Project.security:SpringSecurity:0.0.1-SNAPSHOT with classifier null to /SpringSecurity/target/classes
2025-02-08 19:01:37,937 [Worker-35: Building] INFO  o.a.m.s.f.DefaultMavenResourcesFiltering - Copying 1 resource from src\main\resources to target\classes
2025-02-08 19:01:37,941 [Worker-35: Building] INFO  o.a.m.s.f.DefaultMavenResourcesFiltering - Copying 0 resource from src\main\resources to target\classes
2025-02-08 19:01:37,944 [Worker-35: Building] INFO  o.a.m.s.f.DefaultMavenResourcesFiltering - skip non existing resourceDirectory D:\Secure Login\BackEnd(Spring)\SecureLogin\src\test\resources
2025-02-08 19:01:44,721 [Worker-33: Building] INFO  o.a.m.s.f.DefaultMavenResourcesFiltering - Copying 1 resource from src\main\resources to target\classes
2025-02-08 19:01:44,728 [Worker-33: Building] INFO  o.a.m.s.f.DefaultMavenResourcesFiltering - Copying 0 resource from src\main\resources to target\classes
2025-02-08 19:01:44,733 [Worker-33: Building] INFO  o.a.m.s.f.DefaultMavenResourcesFiltering - skip non existing resourceDirectory D:\Secure Login\BackEnd(Spring)\SecureLogin\src\test\resources
2025-02-08 19:01:46,173 [Worker-36: Launching SecureLogin - SecureLoginApplication] INFO  o.e.m.c.i.p.WorkspaceClassifierResolverManager - Resolving P/SpringSecurity: com.Project.security:SpringSecurity:0.0.1-SNAPSHOT with classifier null to /SpringSecurity/target/classes
2025-02-08 19:01:46,335 [Worker-36: Launching SecureLogin - SecureLoginApplication] INFO  o.e.m.c.i.p.WorkspaceClassifierResolverManager - Resolving P/SpringSecurity: com.Project.security:SpringSecurity:0.0.1-SNAPSHOT with classifier null to /SpringSecurity/target/classes
2025-02-08 19:01:46,515 [Worker-36: Launching SecureLogin - SecureLoginApplication] INFO  o.e.m.c.i.p.WorkspaceClassifierResolverManager - Resolving P/SpringSecurity: com.Project.security:SpringSecurity:0.0.1-SNAPSHOT with classifier null to /SpringSecurity/target/classes
2025-02-08 19:02:11,572 [Worker-35: Building] INFO  o.a.m.s.f.DefaultMavenResourcesFiltering - Copying 1 resource from src\main\resources to target\classes
2025-02-08 19:02:11,580 [Worker-35: Building] INFO  o.a.m.s.f.DefaultMavenResourcesFiltering - Copying 0 resource from src\main\resources to target\classes
2025-02-08 19:02:11,585 [Worker-35: Building] INFO  o.a.m.s.f.DefaultMavenResourcesFiltering - skip non existing resourceDirectory D:\Secure Login\BackEnd(Spring)\SecureLogin\src\test\resources
2025-02-08 19:02:13,501 [Worker-28: Launching SecureLogin - SecureLoginApplication] INFO  o.e.m.c.i.p.WorkspaceClassifierResolverManager - Resolving P/SpringSecurity: com.Project.security:SpringSecurity:0.0.1-SNAPSHOT with classifier null to /SpringSecurity/target/classes
2025-02-08 19:02:13,663 [Worker-28: Launching SecureLogin - SecureLoginApplication] INFO  o.e.m.c.i.p.WorkspaceClassifierResolverManager - Resolving P/SpringSecurity: com.Project.security:SpringSecurity:0.0.1-SNAPSHOT with classifier null to /SpringSecurity/target/classes
2025-02-08 19:02:13,819 [Worker-28: Launching SecureLogin - SecureLoginApplication] INFO  o.e.m.c.i.p.WorkspaceClassifierResolverManager - Resolving P/SpringSecurity: com.Project.security:SpringSecurity:0.0.1-SNAPSHOT with classifier null to /SpringSecurity/target/classes
2025-02-08 19:11:18,081 [Worker-28: Launching SecureLogin - SecureLoginApplication] INFO  o.e.m.c.i.p.WorkspaceClassifierResolverManager - Resolving P/SpringSecurity: com.Project.security:SpringSecurity:0.0.1-SNAPSHOT with classifier null to /SpringSecurity/target/classes
2025-02-08 19:11:18,263 [Worker-28: Launching SecureLogin - SecureLoginApplication] INFO  o.e.m.c.i.p.WorkspaceClassifierResolverManager - Resolving P/SpringSecurity: com.Project.security:SpringSecurity:0.0.1-SNAPSHOT with classifier null to /SpringSecurity/target/classes
2025-02-08 19:11:18,444 [Worker-28: Launching SecureLogin - SecureLoginApplication] INFO  o.e.m.c.i.p.WorkspaceClassifierResolverManager - Resolving P/SpringSecurity: com.Project.security:SpringSecurity:0.0.1-SNAPSHOT with classifier null to /SpringSecurity/target/classes
2025-02-08 19:19:05,030 [Worker-35: Building] INFO  o.a.m.s.f.DefaultMavenResourcesFiltering - Copying 1 resource from src\main\resources to target\classes
2025-02-08 19:19:05,133 [Worker-35: Building] INFO  o.a.m.s.f.DefaultMavenResourcesFiltering - Copying 0 resource from src\main\resources to target\classes
2025-02-08 19:19:05,138 [Worker-35: Building] INFO  o.a.m.s.f.DefaultMavenResourcesFiltering - skip non existing resourceDirectory D:\Secure Login\BackEnd(Spring)\SecureLogin\src\test\resources
2025-02-08 19:19:14,221 [Worker-35: Building] INFO  o.a.m.s.f.DefaultMavenResourcesFiltering - Copying 1 resource from src\main\resources to target\classes
2025-02-08 19:19:14,353 [Worker-35: Building] INFO  o.a.m.s.f.DefaultMavenResourcesFiltering - Copying 0 resource from src\main\resources to target\classes
2025-02-08 19:19:14,356 [Worker-35: Building] INFO  o.a.m.s.f.DefaultMavenResourcesFiltering - skip non existing resourceDirectory D:\Secure Login\BackEnd(Spring)\SecureLogin\src\test\resources
2025-02-08 19:19:23,330 [Worker-33: Building] INFO  o.a.m.s.f.DefaultMavenResourcesFiltering - Copying 1 resource from src\main\resources to target\classes
2025-02-08 19:19:23,340 [Worker-33: Building] INFO  o.a.m.s.f.DefaultMavenResourcesFiltering - Copying 0 resource from src\main\resources to target\classes
2025-02-08 19:19:23,343 [Worker-33: Building] INFO  o.a.m.s.f.DefaultMavenResourcesFiltering - skip non existing resourceDirectory D:\Secure Login\BackEnd(Spring)\SecureLogin\src\test\resources
2025-02-08 19:19:29,818 [Worker-31: Building] INFO  o.a.m.s.f.DefaultMavenResourcesFiltering - Copying 1 resource from src\main\resources to target\classes
2025-02-08 19:19:29,827 [Worker-31: Building] INFO  o.a.m.s.f.DefaultMavenResourcesFiltering - Copying 0 resource from src\main\resources to target\classes
2025-02-08 19:19:29,830 [Worker-31: Building] INFO  o.a.m.s.f.DefaultMavenResourcesFiltering - skip non existing resourceDirectory D:\Secure Login\BackEnd(Spring)\SecureLogin\src\test\resources
2025-02-08 19:20:42,330 [Worker-31: Building] INFO  o.a.m.s.f.DefaultMavenResourcesFiltering - Copying 1 resource from src\main\resources to target\classes
2025-02-08 19:20:42,337 [Worker-31: Building] INFO  o.a.m.s.f.DefaultMavenResourcesFiltering - Copying 0 resource from src\main\resources to target\classes
2025-02-08 19:20:42,340 [Worker-31: Building] INFO  o.a.m.s.f.DefaultMavenResourcesFiltering - skip non existing resourceDirectory D:\Secure Login\BackEnd(Spring)\SecureLogin\src\test\resources
2025-02-08 19:21:10,718 [Worker-35: Launching SecureLogin - SecureLoginApplication] INFO  o.e.m.c.i.p.WorkspaceClassifierResolverManager - Resolving P/SpringSecurity: com.Project.security:SpringSecurity:0.0.1-SNAPSHOT with classifier null to /SpringSecurity/target/classes
2025-02-08 19:21:10,899 [Worker-35: Launching SecureLogin - SecureLoginApplication] INFO  o.e.m.c.i.p.WorkspaceClassifierResolverManager - Resolving P/SpringSecurity: com.Project.security:SpringSecurity:0.0.1-SNAPSHOT with classifier null to /SpringSecurity/target/classes
2025-02-08 19:21:11,067 [Worker-35: Launching SecureLogin - SecureLoginApplication] INFO  o.e.m.c.i.p.WorkspaceClassifierResolverManager - Resolving P/SpringSecurity: com.Project.security:SpringSecurity:0.0.1-SNAPSHOT with classifier null to /SpringSecurity/target/classes
2025-02-08 19:23:35,710 [Worker-31: Building] INFO  o.a.m.s.f.DefaultMavenResourcesFiltering - Copying 1 resource from src\main\resources to target\classes
2025-02-08 19:23:35,746 [Worker-31: Building] INFO  o.a.m.s.f.DefaultMavenResourcesFiltering - Copying 0 resource from src\main\resources to target\classes
2025-02-08 19:23:35,750 [Worker-31: Building] INFO  o.a.m.s.f.DefaultMavenResourcesFiltering - skip non existing resourceDirectory D:\Secure Login\BackEnd(Spring)\SecureLogin\src\test\resources
2025-02-08 19:28:40,713 [Worker-40: Building] INFO  o.a.m.s.f.DefaultMavenResourcesFiltering - Copying 1 resource from src\main\resources to target\classes
2025-02-08 19:28:40,751 [Worker-40: Building] INFO  o.a.m.s.f.DefaultMavenResourcesFiltering - Copying 0 resource from src\main\resources to target\classes
2025-02-08 19:28:40,755 [Worker-40: Building] INFO  o.a.m.s.f.DefaultMavenResourcesFiltering - skip non existing resourceDirectory D:\Secure Login\BackEnd(Spring)\SecureLogin\src\test\resources
2025-02-08 19:29:19,384 [Worker-35: Launching SecureLogin - SecureLoginApplication] INFO  o.e.m.c.i.p.WorkspaceClassifierResolverManager - Resolving P/SpringSecurity: com.Project.security:SpringSecurity:0.0.1-SNAPSHOT with classifier null to /SpringSecurity/target/classes
2025-02-08 19:29:19,545 [Worker-35: Launching SecureLogin - SecureLoginApplication] INFO  o.e.m.c.i.p.WorkspaceClassifierResolverManager - Resolving P/SpringSecurity: com.Project.security:SpringSecurity:0.0.1-SNAPSHOT with classifier null to /SpringSecurity/target/classes
2025-02-08 19:29:19,727 [Worker-35: Launching SecureLogin - SecureLoginApplication] INFO  o.e.m.c.i.p.WorkspaceClassifierResolverManager - Resolving P/SpringSecurity: com.Project.security:SpringSecurity:0.0.1-SNAPSHOT with classifier null to /SpringSecurity/target/classes
2025-02-08 19:30:26,601 [Worker-38: Building] INFO  o.a.m.s.f.DefaultMavenResourcesFiltering - Copying 1 resource from src\main\resources to target\classes
2025-02-08 19:30:26,625 [Worker-38: Building] INFO  o.a.m.s.f.DefaultMavenResourcesFiltering - Copying 0 resource from src\main\resources to target\classes
2025-02-08 19:30:26,630 [Worker-38: Building] INFO  o.a.m.s.f.DefaultMavenResourcesFiltering - skip non existing resourceDirectory D:\Secure Login\BackEnd(Spring)\SecureLogin\src\test\resources
2025-02-08 19:31:01,133 [Worker-31: Building] INFO  o.a.m.s.f.DefaultMavenResourcesFiltering - Copying 1 resource from src\main\resources to target\classes
2025-02-08 19:31:01,155 [Worker-31: Building] INFO  o.a.m.s.f.DefaultMavenResourcesFiltering - Copying 0 resource from src\main\resources to target\classes
2025-02-08 19:31:01,158 [Worker-31: Building] INFO  o.a.m.s.f.DefaultMavenResourcesFiltering - skip non existing resourceDirectory D:\Secure Login\BackEnd(Spring)\SecureLogin\src\test\resources
2025-02-08 19:31:03,846 [Worker-37: Launching SecureLogin - SecureLoginApplication] INFO  o.e.m.c.i.p.WorkspaceClassifierResolverManager - Resolving P/SpringSecurity: com.Project.security:SpringSecurity:0.0.1-SNAPSHOT with classifier null to /SpringSecurity/target/classes
2025-02-08 19:31:04,019 [Worker-37: Launching SecureLogin - SecureLoginApplication] INFO  o.e.m.c.i.p.WorkspaceClassifierResolverManager - Resolving P/SpringSecurity: com.Project.security:SpringSecurity:0.0.1-SNAPSHOT with classifier null to /SpringSecurity/target/classes
2025-02-08 19:31:04,186 [Worker-37: Launching SecureLogin - SecureLoginApplication] INFO  o.e.m.c.i.p.WorkspaceClassifierResolverManager - Resolving P/SpringSecurity: com.Project.security:SpringSecurity:0.0.1-SNAPSHOT with classifier null to /SpringSecurity/target/classes
2025-02-08 19:32:45,223 [Worker-39: Building] INFO  o.a.m.s.f.DefaultMavenResourcesFiltering - Copying 0 resource from src\main\resources to target\classes
2025-02-08 19:32:45,224 [Worker-39: Building] INFO  o.a.m.s.f.DefaultMavenResourcesFiltering - Copying 1 resource from src\main\resources to target\classes
2025-02-08 19:32:45,236 [Worker-39: Building] INFO  o.a.m.s.f.DefaultMavenResourcesFiltering - skip non existing resourceDirectory D:\Spring Security\SpringSecurity\src\test\resources
2025-02-08 19:32:58,471 [Worker-31: Building] INFO  o.a.m.s.f.DefaultMavenResourcesFiltering - Copying 1 resource from src\main\resources to target\classes
2025-02-08 19:32:58,483 [Worker-31: Building] INFO  o.a.m.s.f.DefaultMavenResourcesFiltering - Copying 1 resource from src\main\resources to target\classes
2025-02-08 19:32:58,488 [Worker-31: Building] INFO  o.a.m.s.f.DefaultMavenResourcesFiltering - skip non existing resourceDirectory D:\Spring Security\SpringSecurity\src\test\resources
2025-02-08 19:33:08,661 [Worker-39: Building] INFO  o.a.m.s.f.DefaultMavenResourcesFiltering - Copying 1 resource from src\main\resources to target\classes
2025-02-08 19:33:08,669 [Worker-39: Building] INFO  o.a.m.s.f.DefaultMavenResourcesFiltering - Copying 0 resource from src\main\resources to target\classes
2025-02-08 19:33:08,674 [Worker-39: Building] INFO  o.a.m.s.f.DefaultMavenResourcesFiltering - skip non existing resourceDirectory D:\Secure Login\BackEnd(Spring)\SecureLogin\src\test\resources
2025-02-08 19:33:12,657 [Worker-34: Launching SecureLogin - SecureLoginApplication] INFO  o.e.m.c.i.p.WorkspaceClassifierResolverManager - Resolving P/SpringSecurity: com.Project.security:SpringSecurity:0.0.1-SNAPSHOT with classifier null to /SpringSecurity/target/classes
2025-02-08 19:33:12,859 [Worker-34: Launching SecureLogin - SecureLoginApplication] INFO  o.e.m.c.i.p.WorkspaceClassifierResolverManager - Resolving P/SpringSecurity: com.Project.security:SpringSecurity:0.0.1-SNAPSHOT with classifier null to /SpringSecurity/target/classes
2025-02-08 19:33:13,059 [Worker-34: Launching SecureLogin - SecureLoginApplication] INFO  o.e.m.c.i.p.WorkspaceClassifierResolverManager - Resolving P/SpringSecurity: com.Project.security:SpringSecurity:0.0.1-SNAPSHOT with classifier null to /SpringSecurity/target/classes
2025-02-08 19:34:56,730 [Worker-33: Building] INFO  o.a.m.s.f.DefaultMavenResourcesFiltering - Copying 1 resource from src\main\resources to target\classes
2025-02-08 19:34:56,735 [Worker-33: Building] INFO  o.a.m.s.f.DefaultMavenResourcesFiltering - Copying 0 resource from src\main\resources to target\classes
2025-02-08 19:34:56,738 [Worker-33: Building] INFO  o.a.m.s.f.DefaultMavenResourcesFiltering - skip non existing resourceDirectory D:\Secure Login\BackEnd(Spring)\SecureLogin\src\test\resources
2025-02-08 19:35:00,010 [Worker-34: Launching SecureLogin - SecureLoginApplication] INFO  o.e.m.c.i.p.WorkspaceClassifierResolverManager - Resolving P/SpringSecurity: com.Project.security:SpringSecurity:0.0.1-SNAPSHOT with classifier null to /SpringSecurity/target/classes
2025-02-08 19:35:00,194 [Worker-34: Launching SecureLogin - SecureLoginApplication] INFO  o.e.m.c.i.p.WorkspaceClassifierResolverManager - Resolving P/SpringSecurity: com.Project.security:SpringSecurity:0.0.1-SNAPSHOT with classifier null to /SpringSecurity/target/classes
2025-02-08 19:35:00,369 [Worker-34: Launching SecureLogin - SecureLoginApplication] INFO  o.e.m.c.i.p.WorkspaceClassifierResolverManager - Resolving P/SpringSecurity: com.Project.security:SpringSecurity:0.0.1-SNAPSHOT with classifier null to /SpringSecurity/target/classes
2025-02-08 19:35:18,746 [Worker-35: Building] INFO  o.a.m.s.f.DefaultMavenResourcesFiltering - Copying 1 resource from src\main\resources to target\classes
2025-02-08 19:35:18,752 [Worker-35: Building] INFO  o.a.m.s.f.DefaultMavenResourcesFiltering - Copying 0 resource from src\main\resources to target\classes
2025-02-08 19:35:18,755 [Worker-35: Building] INFO  o.a.m.s.f.DefaultMavenResourcesFiltering - skip non existing resourceDirectory D:\Secure Login\BackEnd(Spring)\SecureLogin\src\test\resources
2025-02-08 19:35:26,976 [Worker-37: Launching SecureLogin - SecureLoginApplication] INFO  o.e.m.c.i.p.WorkspaceClassifierResolverManager - Resolving P/SpringSecurity: com.Project.security:SpringSecurity:0.0.1-SNAPSHOT with classifier null to /SpringSecurity/target/classes
2025-02-08 19:35:27,167 [Worker-37: Launching SecureLogin - SecureLoginApplication] INFO  o.e.m.c.i.p.WorkspaceClassifierResolverManager - Resolving P/SpringSecurity: com.Project.security:SpringSecurity:0.0.1-SNAPSHOT with classifier null to /SpringSecurity/target/classes
2025-02-08 19:35:27,342 [Worker-37: Launching SecureLogin - SecureLoginApplication] INFO  o.e.m.c.i.p.WorkspaceClassifierResolverManager - Resolving P/SpringSecurity: com.Project.security:SpringSecurity:0.0.1-SNAPSHOT with classifier null to /SpringSecurity/target/classes
2025-02-08 19:36:14,562 [Worker-31: Building] INFO  o.a.m.s.f.DefaultMavenResourcesFiltering - Copying 0 resource from src\main\resources to target\classes
2025-02-08 19:36:14,563 [Worker-31: Building] INFO  o.a.m.s.f.DefaultMavenResourcesFiltering - Copying 1 resource from src\main\resources to target\classes
2025-02-08 19:36:14,567 [Worker-31: Building] INFO  o.a.m.s.f.DefaultMavenResourcesFiltering - skip non existing resourceDirectory D:\Spring Security\SpringSecurity\src\test\resources
2025-02-08 19:37:10,446 [Worker-38: Building] INFO  o.a.m.s.f.DefaultMavenResourcesFiltering - Copying 1 resource from src\main\resources to target\classes
2025-02-08 19:37:10,453 [Worker-38: Building] INFO  o.a.m.s.f.DefaultMavenResourcesFiltering - Copying 0 resource from src\main\resources to target\classes
2025-02-08 19:37:10,456 [Worker-38: Building] INFO  o.a.m.s.f.DefaultMavenResourcesFiltering - skip non existing resourceDirectory D:\Secure Login\BackEnd(Spring)\SecureLogin\src\test\resources
2025-02-08 19:37:19,368 [Worker-37: Launching SecureLogin - SecureLoginApplication] INFO  o.e.m.c.i.p.WorkspaceClassifierResolverManager - Resolving P/SpringSecurity: com.Project.security:SpringSecurity:0.0.1-SNAPSHOT with classifier null to /SpringSecurity/target/classes
2025-02-08 19:37:19,519 [Worker-37: Launching SecureLogin - SecureLoginApplication] INFO  o.e.m.c.i.p.WorkspaceClassifierResolverManager - Resolving P/SpringSecurity: com.Project.security:SpringSecurity:0.0.1-SNAPSHOT with classifier null to /SpringSecurity/target/classes
2025-02-08 19:37:19,675 [Worker-37: Launching SecureLogin - SecureLoginApplication] INFO  o.e.m.c.i.p.WorkspaceClassifierResolverManager - Resolving P/SpringSecurity: com.Project.security:SpringSecurity:0.0.1-SNAPSHOT with classifier null to /SpringSecurity/target/classes
2025-02-08 19:38:34,283 [Worker-35: Building] INFO  o.a.m.s.f.DefaultMavenResourcesFiltering - Copying 1 resource from src\main\resources to target\classes
2025-02-08 19:38:34,294 [Worker-35: Building] INFO  o.a.m.s.f.DefaultMavenResourcesFiltering - Copying 0 resource from src\main\resources to target\classes
2025-02-08 19:38:34,299 [Worker-35: Building] INFO  o.a.m.s.f.DefaultMavenResourcesFiltering - skip non existing resourceDirectory D:\Secure Login\BackEnd(Spring)\SecureLogin\src\test\resources
2025-02-08 19:38:53,186 [Worker-38: Building] INFO  o.a.m.s.f.DefaultMavenResourcesFiltering - Copying 1 resource from src\main\resources to target\classes
2025-02-08 19:38:53,193 [Worker-38: Building] INFO  o.a.m.s.f.DefaultMavenResourcesFiltering - Copying 0 resource from src\main\resources to target\classes
2025-02-08 19:38:53,196 [Worker-38: Building] INFO  o.a.m.s.f.DefaultMavenResourcesFiltering - skip non existing resourceDirectory D:\Secure Login\BackEnd(Spring)\SecureLogin\src\test\resources
2025-02-08 19:39:25,871 [Worker-37: Launching SecureLogin - SecureLoginApplication] INFO  o.e.m.c.i.p.WorkspaceClassifierResolverManager - Resolving P/SpringSecurity: com.Project.security:SpringSecurity:0.0.1-SNAPSHOT with classifier null to /SpringSecurity/target/classes
2025-02-08 19:39:26,052 [Worker-37: Launching SecureLogin - SecureLoginApplication] INFO  o.e.m.c.i.p.WorkspaceClassifierResolverManager - Resolving P/SpringSecurity: com.Project.security:SpringSecurity:0.0.1-SNAPSHOT with classifier null to /SpringSecurity/target/classes
2025-02-08 19:39:26,220 [Worker-37: Launching SecureLogin - SecureLoginApplication] INFO  o.e.m.c.i.p.WorkspaceClassifierResolverManager - Resolving P/SpringSecurity: com.Project.security:SpringSecurity:0.0.1-SNAPSHOT with classifier null to /SpringSecurity/target/classes
2025-02-08 19:41:57,260 [Worker-39: Building] INFO  o.a.m.s.f.DefaultMavenResourcesFiltering - Copying 1 resource from src\main\resources to target\classes
2025-02-08 19:41:57,265 [Worker-39: Building] INFO  o.a.m.s.f.DefaultMavenResourcesFiltering - Copying 0 resource from src\main\resources to target\classes
2025-02-08 19:41:57,268 [Worker-39: Building] INFO  o.a.m.s.f.DefaultMavenResourcesFiltering - skip non existing resourceDirectory D:\Secure Login\BackEnd(Spring)\SecureLogin\src\test\resources
2025-02-08 19:41:59,998 [Worker-33: Launching SecureLogin - SecureLoginApplication] INFO  o.e.m.c.i.p.WorkspaceClassifierResolverManager - Resolving P/SpringSecurity: com.Project.security:SpringSecurity:0.0.1-SNAPSHOT with classifier null to /SpringSecurity/target/classes
2025-02-08 19:42:00,158 [Worker-33: Launching SecureLogin - SecureLoginApplication] INFO  o.e.m.c.i.p.WorkspaceClassifierResolverManager - Resolving P/SpringSecurity: com.Project.security:SpringSecurity:0.0.1-SNAPSHOT with classifier null to /SpringSecurity/target/classes
2025-02-08 19:42:00,291 [Worker-33: Launching SecureLogin - SecureLoginApplication] INFO  o.e.m.c.i.p.WorkspaceClassifierResolverManager - Resolving P/SpringSecurity: com.Project.security:SpringSecurity:0.0.1-SNAPSHOT with classifier null to /SpringSecurity/target/classes
2025-02-08 19:43:41,168 [Worker-38: Building] INFO  o.a.m.s.f.DefaultMavenResourcesFiltering - Copying 1 resource from src\main\resources to target\classes
2025-02-08 19:43:41,176 [Worker-38: Building] INFO  o.a.m.s.f.DefaultMavenResourcesFiltering - Copying 0 resource from src\main\resources to target\classes
2025-02-08 19:43:41,180 [Worker-38: Building] INFO  o.a.m.s.f.DefaultMavenResourcesFiltering - skip non existing resourceDirectory D:\Secure Login\BackEnd(Spring)\SecureLogin\src\test\resources
2025-02-08 19:43:51,797 [Worker-33: Launching SecureLogin - SecureLoginApplication] INFO  o.e.m.c.i.p.WorkspaceClassifierResolverManager - Resolving P/SpringSecurity: com.Project.security:SpringSecurity:0.0.1-SNAPSHOT with classifier null to /SpringSecurity/target/classes
2025-02-08 19:43:51,963 [Worker-33: Launching SecureLogin - SecureLoginApplication] INFO  o.e.m.c.i.p.WorkspaceClassifierResolverManager - Resolving P/SpringSecurity: com.Project.security:SpringSecurity:0.0.1-SNAPSHOT with classifier null to /SpringSecurity/target/classes
2025-02-08 19:43:52,117 [Worker-33: Launching SecureLogin - SecureLoginApplication] INFO  o.e.m.c.i.p.WorkspaceClassifierResolverManager - Resolving P/SpringSecurity: com.Project.security:SpringSecurity:0.0.1-SNAPSHOT with classifier null to /SpringSecurity/target/classes
2025-02-08 19:45:42,286 [Worker-35: Building] INFO  o.a.m.s.f.DefaultMavenResourcesFiltering - Copying 1 resource from src\main\resources to target\classes
2025-02-08 19:45:42,300 [Worker-35: Building] INFO  o.a.m.s.f.DefaultMavenResourcesFiltering - Copying 0 resource from src\main\resources to target\classes
2025-02-08 19:45:42,305 [Worker-35: Building] INFO  o.a.m.s.f.DefaultMavenResourcesFiltering - skip non existing resourceDirectory D:\Secure Login\BackEnd(Spring)\SecureLogin\src\test\resources
2025-02-08 19:47:31,769 [Worker-33: Launching SecureLogin - SecureLoginApplication] INFO  o.e.m.c.i.p.WorkspaceClassifierResolverManager - Resolving P/SpringSecurity: com.Project.security:SpringSecurity:0.0.1-SNAPSHOT with classifier null to /SpringSecurity/target/classes
2025-02-08 19:47:31,934 [Worker-33: Launching SecureLogin - SecureLoginApplication] INFO  o.e.m.c.i.p.WorkspaceClassifierResolverManager - Resolving P/SpringSecurity: com.Project.security:SpringSecurity:0.0.1-SNAPSHOT with classifier null to /SpringSecurity/target/classes
2025-02-08 19:47:32,107 [Worker-33: Launching SecureLogin - SecureLoginApplication] INFO  o.e.m.c.i.p.WorkspaceClassifierResolverManager - Resolving P/SpringSecurity: com.Project.security:SpringSecurity:0.0.1-SNAPSHOT with classifier null to /SpringSecurity/target/classes
2025-02-08 19:48:34,354 [Worker-33: Building] INFO  o.a.m.s.f.DefaultMavenResourcesFiltering - Copying 1 resource from src\main\resources to target\classes
2025-02-08 19:48:34,363 [Worker-33: Building] INFO  o.a.m.s.f.DefaultMavenResourcesFiltering - Copying 0 resource from src\main\resources to target\classes
2025-02-08 19:48:34,367 [Worker-33: Building] INFO  o.a.m.s.f.DefaultMavenResourcesFiltering - skip non existing resourceDirectory D:\Secure Login\BackEnd(Spring)\SecureLogin\src\test\resources
2025-02-08 19:48:36,533 [Worker-38: Launching SecureLogin - SecureLoginApplication] INFO  o.e.m.c.i.p.WorkspaceClassifierResolverManager - Resolving P/SpringSecurity: com.Project.security:SpringSecurity:0.0.1-SNAPSHOT with classifier null to /SpringSecurity/target/classes
2025-02-08 19:48:36,697 [Worker-38: Launching SecureLogin - SecureLoginApplication] INFO  o.e.m.c.i.p.WorkspaceClassifierResolverManager - Resolving P/SpringSecurity: com.Project.security:SpringSecurity:0.0.1-SNAPSHOT with classifier null to /SpringSecurity/target/classes
2025-02-08 19:48:36,847 [Worker-38: Launching SecureLogin - SecureLoginApplication] INFO  o.e.m.c.i.p.WorkspaceClassifierResolverManager - Resolving P/SpringSecurity: com.Project.security:SpringSecurity:0.0.1-SNAPSHOT with classifier null to /SpringSecurity/target/classes
2025-02-08 19:49:11,278 [Worker-37: Building] INFO  o.a.m.s.f.DefaultMavenResourcesFiltering - Copying 1 resource from src\main\resources to target\classes
2025-02-08 19:49:11,286 [Worker-37: Building] INFO  o.a.m.s.f.DefaultMavenResourcesFiltering - Copying 0 resource from src\main\resources to target\classes
2025-02-08 19:49:11,290 [Worker-37: Building] INFO  o.a.m.s.f.DefaultMavenResourcesFiltering - skip non existing resourceDirectory D:\Secure Login\BackEnd(Spring)\SecureLogin\src\test\resources
2025-02-08 19:49:13,687 [Worker-41: Launching SecureLogin - SecureLoginApplication] INFO  o.e.m.c.i.p.WorkspaceClassifierResolverManager - Resolving P/SpringSecurity: com.Project.security:SpringSecurity:0.0.1-SNAPSHOT with classifier null to /SpringSecurity/target/classes
2025-02-08 19:49:13,836 [Worker-41: Launching SecureLogin - SecureLoginApplication] INFO  o.e.m.c.i.p.WorkspaceClassifierResolverManager - Resolving P/SpringSecurity: com.Project.security:SpringSecurity:0.0.1-SNAPSHOT with classifier null to /SpringSecurity/target/classes
2025-02-08 19:49:13,992 [Worker-41: Launching SecureLogin - SecureLoginApplication] INFO  o.e.m.c.i.p.WorkspaceClassifierResolverManager - Resolving P/SpringSecurity: com.Project.security:SpringSecurity:0.0.1-SNAPSHOT with classifier null to /SpringSecurity/target/classes
2025-02-08 19:49:30,816 [Worker-34: Building] INFO  o.a.m.s.f.DefaultMavenResourcesFiltering - Copying 1 resource from src\main\resources to target\classes
2025-02-08 19:49:30,826 [Worker-34: Building] INFO  o.a.m.s.f.DefaultMavenResourcesFiltering - Copying 0 resource from src\main\resources to target\classes
2025-02-08 19:49:30,829 [Worker-34: Building] INFO  o.a.m.s.f.DefaultMavenResourcesFiltering - skip non existing resourceDirectory D:\Secure Login\BackEnd(Spring)\SecureLogin\src\test\resources
2025-02-08 20:03:54,811 [Worker-37: Building] INFO  o.a.m.s.f.DefaultMavenResourcesFiltering - Copying 1 resource from src\main\resources to target\classes
2025-02-08 20:03:54,837 [Worker-37: Building] INFO  o.a.m.s.f.DefaultMavenResourcesFiltering - Copying 0 resource from src\main\resources to target\classes
2025-02-08 20:03:54,844 [Worker-37: Building] INFO  o.a.m.s.f.DefaultMavenResourcesFiltering - skip non existing resourceDirectory D:\Secure Login\BackEnd(Spring)\SecureLogin\src\test\resources
2025-02-08 20:03:58,011 [Worker-39: Launching SecureLogin - SecureLoginApplication] INFO  o.e.m.c.i.p.WorkspaceClassifierResolverManager - Resolving P/SpringSecurity: com.Project.security:SpringSecurity:0.0.1-SNAPSHOT with classifier null to /SpringSecurity/target/classes
2025-02-08 20:03:58,174 [Worker-39: Launching SecureLogin - SecureLoginApplication] INFO  o.e.m.c.i.p.WorkspaceClassifierResolverManager - Resolving P/SpringSecurity: com.Project.security:SpringSecurity:0.0.1-SNAPSHOT with classifier null to /SpringSecurity/target/classes
2025-02-08 20:03:58,336 [Worker-39: Launching SecureLogin - SecureLoginApplication] INFO  o.e.m.c.i.p.WorkspaceClassifierResolverManager - Resolving P/SpringSecurity: com.Project.security:SpringSecurity:0.0.1-SNAPSHOT with classifier null to /SpringSecurity/target/classes
2025-02-08 20:04:04,262 [Worker-39: Building] INFO  o.a.m.s.f.DefaultMavenResourcesFiltering - Copying 1 resource from src\main\resources to target\classes
2025-02-08 20:04:04,268 [Worker-39: Building] INFO  o.a.m.s.f.DefaultMavenResourcesFiltering - Copying 0 resource from src\main\resources to target\classes
2025-02-08 20:04:04,273 [Worker-39: Building] INFO  o.a.m.s.f.DefaultMavenResourcesFiltering - skip non existing resourceDirectory D:\Secure Login\BackEnd(Spring)\SecureLogin\src\test\resources
2025-02-08 20:06:47,885 [Worker-33: Building] INFO  o.a.m.s.f.DefaultMavenResourcesFiltering - Copying 1 resource from src\main\resources to target\classes
2025-02-08 20:06:47,899 [Worker-33: Building] INFO  o.a.m.s.f.DefaultMavenResourcesFiltering - Copying 0 resource from src\main\resources to target\classes
2025-02-08 20:06:47,901 [Worker-33: Building] INFO  o.a.m.s.f.DefaultMavenResourcesFiltering - skip non existing resourceDirectory D:\Secure Login\BackEnd(Spring)\SecureLogin\src\test\resources
2025-02-08 20:06:58,288 [Worker-31: Launching SecureLogin - SecureLoginApplication] INFO  o.e.m.c.i.p.WorkspaceClassifierResolverManager - Resolving P/SpringSecurity: com.Project.security:SpringSecurity:0.0.1-SNAPSHOT with classifier null to /SpringSecurity/target/classes
2025-02-08 20:06:58,449 [Worker-31: Launching SecureLogin - SecureLoginApplication] INFO  o.e.m.c.i.p.WorkspaceClassifierResolverManager - Resolving P/SpringSecurity: com.Project.security:SpringSecurity:0.0.1-SNAPSHOT with classifier null to /SpringSecurity/target/classes
2025-02-08 20:06:58,612 [Worker-31: Launching SecureLogin - SecureLoginApplication] INFO  o.e.m.c.i.p.WorkspaceClassifierResolverManager - Resolving P/SpringSecurity: com.Project.security:SpringSecurity:0.0.1-SNAPSHOT with classifier null to /SpringSecurity/target/classes
2025-02-09 12:29:02,586 [Worker-1: Loading available Gradle versions] INFO  o.e.b.c.i.u.g.PublishedGradleVersions - Gradle version information cache is up-to-date. Trying to read.
2025-02-09 21:47:37,447 [Worker-7: Loading available Gradle versions] INFO  o.e.b.c.i.u.g.PublishedGradleVersions - Gradle version information cache is out-of-date. Trying to update.
2025-02-09 21:48:17,116 [Worker-5: Check for devtools] INFO  o.e.m.c.i.p.WorkspaceClassifierResolverManager - Resolving P/SpringSecurity: com.Project.security:SpringSecurity:0.0.1-SNAPSHOT with classifier  to /SpringSecurity/target/classes
2025-02-09 21:48:26,125 [Worker-1: Launching SecureLogin - SecureLoginApplication] INFO  o.a.m.s.f.DefaultMavenResourcesFiltering - Copying 1 resource from src\main\resources to target\classes
2025-02-09 21:48:26,140 [Worker-1: Launching SecureLogin - SecureLoginApplication] INFO  o.a.m.s.f.DefaultMavenResourcesFiltering - Copying 1 resource from src\main\resources to target\classes
2025-02-09 21:48:26,148 [Worker-1: Launching SecureLogin - SecureLoginApplication] INFO  o.a.m.s.f.DefaultMavenResourcesFiltering - skip non existing resourceDirectory D:\Spring Security\SpringSecurity\src\test\resources
2025-02-09 21:48:26,810 [Worker-1: Launching SecureLogin - SecureLoginApplication] INFO  o.a.m.s.f.DefaultMavenResourcesFiltering - Copying 1 resource from src\main\resources to target\classes
2025-02-09 21:48:26,833 [Worker-1: Launching SecureLogin - SecureLoginApplication] INFO  o.a.m.s.f.DefaultMavenResourcesFiltering - Copying 0 resource from src\main\resources to target\classes
2025-02-09 21:48:26,840 [Worker-1: Launching SecureLogin - SecureLoginApplication] INFO  o.a.m.s.f.DefaultMavenResourcesFiltering - skip non existing resourceDirectory D:\Secure Login\BackEnd(Spring)\SecureLogin\src\test\resources
2025-02-09 21:48:27,091 [Worker-1: Launching SecureLogin - SecureLoginApplication] INFO  o.e.m.c.i.p.WorkspaceClassifierResolverManager - Resolving P/SpringSecurity: com.Project.security:SpringSecurity:0.0.1-SNAPSHOT with classifier null to /SpringSecurity/target/classes
2025-02-09 21:48:27,198 [Worker-1: Launching SecureLogin - SecureLoginApplication] INFO  o.e.m.c.i.p.WorkspaceClassifierResolverManager - Resolving P/SpringSecurity: com.Project.security:SpringSecurity:0.0.1-SNAPSHOT with classifier null to /SpringSecurity/target/classes
2025-02-09 21:48:27,307 [Worker-1: Launching SecureLogin - SecureLoginApplication] INFO  o.e.m.c.i.p.WorkspaceClassifierResolverManager - Resolving P/SpringSecurity: com.Project.security:SpringSecurity:0.0.1-SNAPSHOT with classifier null to /SpringSecurity/target/classes
